<?xml version="1.0" encoding="UTF-8"?>
<!-- Generated by org.testng.reporters.JUnitXMLReporter -->
<testsuite hostname="DESKTOP-51NR18P" ignored="0" name="Default test" tests="2" failures="0" timestamp="27 Mar 2019 13:59:48 GMT" time="45.452" errors="0">
  <testcase name="runScenario" time="14.288" classname="cucumber.api.testng.AbstractTestNGCucumberTests"/>
  <testcase name="runScenario" time="14.244" classname="cucumber.api.testng.AbstractTestNGCucumberTests"/>
</testsuite> <!-- Default test -->
